[2025-02-08T10:48:56.249+0000] {taskinstance.py:1157} INFO - Dependencies all met for dep_context=non-requeueable deps ti=<TaskInstance: batch_ingestion.ingest_postgres_to_minio manual__2025-02-08T10:48:55.606540+00:00 [queued]>
[2025-02-08T10:48:56.254+0000] {taskinstance.py:1157} INFO - Dependencies all met for dep_context=requeueable deps ti=<TaskInstance: batch_ingestion.ingest_postgres_to_minio manual__2025-02-08T10:48:55.606540+00:00 [queued]>
[2025-02-08T10:48:56.254+0000] {taskinstance.py:1359} INFO - Starting attempt 1 of 1
[2025-02-08T10:48:56.262+0000] {taskinstance.py:1380} INFO - Executing <Task(PythonOperator): ingest_postgres_to_minio> on 2025-02-08 10:48:55.606540+00:00
[2025-02-08T10:48:56.270+0000] {standard_task_runner.py:57} INFO - Started process 255 to run task
[2025-02-08T10:48:56.273+0000] {standard_task_runner.py:84} INFO - Running: ['***', 'tasks', 'run', 'batch_ingestion', 'ingest_postgres_to_minio', 'manual__2025-02-08T10:48:55.606540+00:00', '--job-id', '7', '--raw', '--subdir', 'DAGS_FOLDER/batch_ingestion.py', '--cfg-path', '/tmp/tmp1ven8tzy']
[2025-02-08T10:48:56.275+0000] {standard_task_runner.py:85} INFO - Job 7: Subtask ingest_postgres_to_minio
[2025-02-08T10:48:56.360+0000] {task_command.py:415} INFO - Running <TaskInstance: batch_ingestion.ingest_postgres_to_minio manual__2025-02-08T10:48:55.606540+00:00 [running]> on host 08b2804f1694
[2025-02-08T10:48:56.424+0000] {taskinstance.py:1660} INFO - Exporting env vars: AIRFLOW_CTX_DAG_OWNER='***' AIRFLOW_CTX_DAG_ID='batch_ingestion' AIRFLOW_CTX_TASK_ID='ingest_postgres_to_minio' AIRFLOW_CTX_EXECUTION_DATE='2025-02-08T10:48:55.606540+00:00' AIRFLOW_CTX_TRY_NUMBER='1' AIRFLOW_CTX_DAG_RUN_ID='manual__2025-02-08T10:48:55.606540+00:00'
[2025-02-08T10:48:56.426+0000] {log.py:232} WARNING - 2025-02-08 10:48:56.425 | INFO     | ingestion.utils:get_env_variable:7 - http://127.0.0.1:9000
[2025-02-08T10:48:56.426+0000] {log.py:232} WARNING - 2025-02-08 10:48:56.426 | INFO     | ingestion.utils:get_env_variable:7 - minio_access_key
[2025-02-08T10:48:56.427+0000] {log.py:232} WARNING - 2025-02-08 10:48:56.427 | INFO     | ingestion.utils:get_env_variable:7 - minio_secret_key
[2025-02-08T10:48:56.427+0000] {log.py:232} WARNING - 2025-02-08 10:48:56.427 | INFO     | ingestion.utils:get_env_variable:7 - my-bucket
[2025-02-08T10:48:56.427+0000] {log.py:232} WARNING - 2025-02-08 10:48:56.427 | INFO     | ingestion.utils:get_env_variable:7 - loan
[2025-02-08T10:48:56.427+0000] {log.py:232} WARNING - 2025-02-08 10:48:56.427 | INFO     | ingestion.utils:get_env_variable:7 - localhost
[2025-02-08T10:48:56.427+0000] {log.py:232} WARNING - 2025-02-08 10:48:56.427 | INFO     | ingestion.utils:get_env_variable:7 - 5437
[2025-02-08T10:48:56.427+0000] {log.py:232} WARNING - 2025-02-08 10:48:56.427 | INFO     | ingestion.utils:get_env_variable:7 - tenant
[2025-02-08T10:48:56.427+0000] {log.py:232} WARNING - 2025-02-08 10:48:56.427 | INFO     | ingestion.utils:get_env_variable:7 - tenant
[2025-02-08T10:48:56.427+0000] {log.py:232} WARNING - 2025-02-08 10:48:56.427 | INFO     | ingestion.utils:get_env_variable:7 - tenant
[2025-02-08T10:48:56.543+0000] {log.py:232} WARNING - 2025-02-08 10:48:56.542 | ERROR    | ingestion.batch.postgres_to_minio.postgres_to_minio:read:52 - Unable to create spark session
[2025-02-08T10:48:56.543+0000] {python.py:194} INFO - Done. Returned value was: None
[2025-02-08T10:48:56.555+0000] {taskinstance.py:1398} INFO - Marking task as SUCCESS. dag_id=batch_ingestion, task_id=ingest_postgres_to_minio, execution_date=20250208T104855, start_date=20250208T104856, end_date=20250208T104856
[2025-02-08T10:48:56.582+0000] {local_task_job_runner.py:228} INFO - Task exited with return code 0
[2025-02-08T10:48:56.593+0000] {taskinstance.py:2776} INFO - 0 downstream tasks scheduled from follow-on schedule check
